mode: set
updatemanager/internal/api/handlers/audit_log_handler.go:16.84,20.2 1 1
updatemanager/internal/api/handlers/audit_log_handler.go:23.80,24.32 1 1
updatemanager/internal/api/handlers/audit_log_handler.go:24.32,27.3 2 0
updatemanager/internal/api/handlers/audit_log_handler.go:29.2,31.14 3 1
updatemanager/internal/api/handlers/audit_log_handler.go:31.14,33.3 1 0
updatemanager/internal/api/handlers/audit_log_handler.go:34.2,34.30 1 1
updatemanager/internal/api/handlers/audit_log_handler.go:34.30,36.3 1 0
updatemanager/internal/api/handlers/audit_log_handler.go:39.2,40.76 2 1
updatemanager/internal/api/handlers/audit_log_handler.go:40.76,42.3 1 1
updatemanager/internal/api/handlers/audit_log_handler.go:43.2,43.70 1 1
updatemanager/internal/api/handlers/audit_log_handler.go:43.70,45.3 1 0
updatemanager/internal/api/handlers/audit_log_handler.go:46.2,46.58 1 1
updatemanager/internal/api/handlers/audit_log_handler.go:46.58,48.3 1 1
updatemanager/internal/api/handlers/audit_log_handler.go:49.2,49.57 1 1
updatemanager/internal/api/handlers/audit_log_handler.go:49.57,51.3 1 0
updatemanager/internal/api/handlers/audit_log_handler.go:53.2,54.16 2 1
updatemanager/internal/api/handlers/audit_log_handler.go:54.16,57.3 2 0
updatemanager/internal/api/handlers/audit_log_handler.go:59.2,59.66 1 1
updatemanager/internal/api/handlers/compatibility_handler.go:20.104,24.2 1 1
updatemanager/internal/api/handlers/compatibility_handler.go:27.94,28.33 1 1
updatemanager/internal/api/handlers/compatibility_handler.go:28.33,31.3 2 0
updatemanager/internal/api/handlers/compatibility_handler.go:34.2,36.33 3 1
updatemanager/internal/api/handlers/compatibility_handler.go:36.33,37.49 1 1
updatemanager/internal/api/handlers/compatibility_handler.go:37.49,39.4 1 1
updatemanager/internal/api/handlers/compatibility_handler.go:40.3,40.49 1 1
updatemanager/internal/api/handlers/compatibility_handler.go:40.49,42.4 1 1
updatemanager/internal/api/handlers/compatibility_handler.go:45.2,45.44 1 1
updatemanager/internal/api/handlers/compatibility_handler.go:45.44,48.3 2 0
updatemanager/internal/api/handlers/compatibility_handler.go:50.2,51.51 2 1
updatemanager/internal/api/handlers/compatibility_handler.go:51.51,54.3 2 0
updatemanager/internal/api/handlers/compatibility_handler.go:56.2,57.23 2 1
updatemanager/internal/api/handlers/compatibility_handler.go:57.23,59.3 1 0
updatemanager/internal/api/handlers/compatibility_handler.go:61.2,62.16 2 1
updatemanager/internal/api/handlers/compatibility_handler.go:62.16,63.49 1 0
updatemanager/internal/api/handlers/compatibility_handler.go:63.49,66.4 2 0
updatemanager/internal/api/handlers/compatibility_handler.go:67.3,68.9 2 0
updatemanager/internal/api/handlers/compatibility_handler.go:71.2,71.46 1 1
updatemanager/internal/api/handlers/compatibility_handler.go:75.89,76.32 1 1
updatemanager/internal/api/handlers/compatibility_handler.go:76.32,79.3 2 0
updatemanager/internal/api/handlers/compatibility_handler.go:82.2,84.33 3 1
updatemanager/internal/api/handlers/compatibility_handler.go:84.33,85.49 1 1
updatemanager/internal/api/handlers/compatibility_handler.go:85.49,87.4 1 1
updatemanager/internal/api/handlers/compatibility_handler.go:88.3,88.49 1 1
updatemanager/internal/api/handlers/compatibility_handler.go:88.49,90.4 1 1
updatemanager/internal/api/handlers/compatibility_handler.go:93.2,93.44 1 1
updatemanager/internal/api/handlers/compatibility_handler.go:93.44,96.3 2 0
updatemanager/internal/api/handlers/compatibility_handler.go:98.2,99.16 2 1
updatemanager/internal/api/handlers/compatibility_handler.go:99.16,100.49 1 0
updatemanager/internal/api/handlers/compatibility_handler.go:100.49,103.4 2 0
updatemanager/internal/api/handlers/compatibility_handler.go:104.3,105.9 2 0
updatemanager/internal/api/handlers/compatibility_handler.go:108.2,108.46 1 1
updatemanager/internal/api/handlers/compatibility_handler.go:112.90,113.32 1 1
updatemanager/internal/api/handlers/compatibility_handler.go:113.32,116.3 2 0
updatemanager/internal/api/handlers/compatibility_handler.go:118.2,120.14 3 1
updatemanager/internal/api/handlers/compatibility_handler.go:120.14,122.3 1 0
updatemanager/internal/api/handlers/compatibility_handler.go:123.2,123.30 1 1
updatemanager/internal/api/handlers/compatibility_handler.go:123.30,125.3 1 0
updatemanager/internal/api/handlers/compatibility_handler.go:127.2,128.67 2 1
updatemanager/internal/api/handlers/compatibility_handler.go:128.67,130.3 1 1
updatemanager/internal/api/handlers/compatibility_handler.go:131.2,131.68 1 1
updatemanager/internal/api/handlers/compatibility_handler.go:131.68,133.3 1 0
updatemanager/internal/api/handlers/compatibility_handler.go:135.2,136.16 2 1
updatemanager/internal/api/handlers/compatibility_handler.go:136.16,139.3 2 0
updatemanager/internal/api/handlers/compatibility_handler.go:141.2,141.70 1 1
updatemanager/internal/api/handlers/notification_handler.go:17.100,21.2 1 1
updatemanager/internal/api/handlers/notification_handler.go:24.90,25.33 1 1
updatemanager/internal/api/handlers/notification_handler.go:25.33,28.3 2 0
updatemanager/internal/api/handlers/notification_handler.go:30.2,31.60 2 1
updatemanager/internal/api/handlers/notification_handler.go:31.60,34.3 2 0
updatemanager/internal/api/handlers/notification_handler.go:36.2,36.93 1 1
updatemanager/internal/api/handlers/notification_handler.go:36.93,39.3 2 0
updatemanager/internal/api/handlers/notification_handler.go:41.2,41.57 1 1
updatemanager/internal/api/handlers/notification_handler.go:45.88,46.32 1 1
updatemanager/internal/api/handlers/notification_handler.go:46.32,49.3 2 0
updatemanager/internal/api/handlers/notification_handler.go:51.2,52.23 2 1
updatemanager/internal/api/handlers/notification_handler.go:52.23,55.3 2 0
updatemanager/internal/api/handlers/notification_handler.go:57.2,61.14 4 1
updatemanager/internal/api/handlers/notification_handler.go:61.14,63.3 1 0
updatemanager/internal/api/handlers/notification_handler.go:64.2,64.30 1 1
updatemanager/internal/api/handlers/notification_handler.go:64.30,66.3 1 0
updatemanager/internal/api/handlers/notification_handler.go:68.2,69.16 2 1
updatemanager/internal/api/handlers/notification_handler.go:69.16,72.3 2 0
updatemanager/internal/api/handlers/notification_handler.go:74.2,74.75 1 1
updatemanager/internal/api/handlers/notification_handler.go:78.86,79.32 1 1
updatemanager/internal/api/handlers/notification_handler.go:79.32,82.3 2 0
updatemanager/internal/api/handlers/notification_handler.go:84.2,85.23 2 1
updatemanager/internal/api/handlers/notification_handler.go:85.23,88.3 2 0
updatemanager/internal/api/handlers/notification_handler.go:90.2,91.16 2 1
updatemanager/internal/api/handlers/notification_handler.go:91.16,94.3 2 0
updatemanager/internal/api/handlers/notification_handler.go:96.2,99.4 1 1
updatemanager/internal/api/handlers/notification_handler.go:103.85,104.33 1 1
updatemanager/internal/api/handlers/notification_handler.go:104.33,107.3 2 0
updatemanager/internal/api/handlers/notification_handler.go:109.2,112.51 2 1
updatemanager/internal/api/handlers/notification_handler.go:112.51,115.3 2 0
updatemanager/internal/api/handlers/notification_handler.go:117.2,117.27 1 1
updatemanager/internal/api/handlers/notification_handler.go:117.27,120.3 2 0
updatemanager/internal/api/handlers/notification_handler.go:122.2,122.90 1 1
updatemanager/internal/api/handlers/notification_handler.go:122.90,125.3 2 0
updatemanager/internal/api/handlers/notification_handler.go:127.2,127.104 1 1
updatemanager/internal/api/handlers/product_handler.go:21.80,25.2 1 1
updatemanager/internal/api/handlers/product_handler.go:28.80,29.33 1 1
updatemanager/internal/api/handlers/product_handler.go:29.33,32.3 2 0
updatemanager/internal/api/handlers/product_handler.go:34.2,35.51 2 1
updatemanager/internal/api/handlers/product_handler.go:35.51,38.3 2 0
updatemanager/internal/api/handlers/product_handler.go:41.2,42.18 2 1
updatemanager/internal/api/handlers/product_handler.go:42.18,44.3 1 0
updatemanager/internal/api/handlers/product_handler.go:45.2,48.16 3 1
updatemanager/internal/api/handlers/product_handler.go:48.16,49.54 1 1
updatemanager/internal/api/handlers/product_handler.go:49.54,52.4 2 1
updatemanager/internal/api/handlers/product_handler.go:53.3,54.9 2 0
updatemanager/internal/api/handlers/product_handler.go:57.2,57.52 1 1
updatemanager/internal/api/handlers/product_handler.go:61.77,62.32 1 1
updatemanager/internal/api/handlers/product_handler.go:62.32,65.3 2 0
updatemanager/internal/api/handlers/product_handler.go:67.2,69.16 3 1
updatemanager/internal/api/handlers/product_handler.go:69.16,72.3 2 0
updatemanager/internal/api/handlers/product_handler.go:74.2,75.16 2 1
updatemanager/internal/api/handlers/product_handler.go:75.16,76.49 1 1
updatemanager/internal/api/handlers/product_handler.go:76.49,79.4 2 1
updatemanager/internal/api/handlers/product_handler.go:80.3,81.9 2 0
updatemanager/internal/api/handlers/product_handler.go:84.2,84.47 1 1
updatemanager/internal/api/handlers/product_handler.go:88.88,89.32 1 1
updatemanager/internal/api/handlers/product_handler.go:89.32,92.3 2 0
updatemanager/internal/api/handlers/product_handler.go:94.2,95.21 2 1
updatemanager/internal/api/handlers/product_handler.go:95.21,98.3 2 0
updatemanager/internal/api/handlers/product_handler.go:100.2,101.16 2 1
updatemanager/internal/api/handlers/product_handler.go:101.16,102.49 1 0
updatemanager/internal/api/handlers/product_handler.go:102.49,105.4 2 0
updatemanager/internal/api/handlers/product_handler.go:106.3,107.9 2 0
updatemanager/internal/api/handlers/product_handler.go:110.2,110.47 1 1
updatemanager/internal/api/handlers/product_handler.go:114.80,115.32 1 1
updatemanager/internal/api/handlers/product_handler.go:115.32,118.3 2 0
updatemanager/internal/api/handlers/product_handler.go:120.2,122.16 3 1
updatemanager/internal/api/handlers/product_handler.go:122.16,125.3 2 0
updatemanager/internal/api/handlers/product_handler.go:127.2,128.51 2 1
updatemanager/internal/api/handlers/product_handler.go:128.51,131.3 2 0
updatemanager/internal/api/handlers/product_handler.go:133.2,134.18 2 1
updatemanager/internal/api/handlers/product_handler.go:134.18,136.3 1 0
updatemanager/internal/api/handlers/product_handler.go:137.2,140.16 3 1
updatemanager/internal/api/handlers/product_handler.go:140.16,141.49 1 0
updatemanager/internal/api/handlers/product_handler.go:141.49,144.4 2 0
updatemanager/internal/api/handlers/product_handler.go:145.3,145.54 1 0
updatemanager/internal/api/handlers/product_handler.go:145.54,148.4 2 0
updatemanager/internal/api/handlers/product_handler.go:149.3,150.9 2 0
updatemanager/internal/api/handlers/product_handler.go:153.2,153.47 1 1
updatemanager/internal/api/handlers/product_handler.go:157.80,158.35 1 1
updatemanager/internal/api/handlers/product_handler.go:158.35,161.3 2 0
updatemanager/internal/api/handlers/product_handler.go:163.2,165.16 3 1
updatemanager/internal/api/handlers/product_handler.go:165.16,168.3 2 0
updatemanager/internal/api/handlers/product_handler.go:170.2,171.18 2 1
updatemanager/internal/api/handlers/product_handler.go:171.18,173.3 1 0
updatemanager/internal/api/handlers/product_handler.go:174.2,176.91 2 1
updatemanager/internal/api/handlers/product_handler.go:176.91,177.49 1 0
updatemanager/internal/api/handlers/product_handler.go:177.49,180.4 2 0
updatemanager/internal/api/handlers/product_handler.go:181.3,182.9 2 0
updatemanager/internal/api/handlers/product_handler.go:185.2,185.100 1 1
updatemanager/internal/api/handlers/product_handler.go:189.79,190.32 1 1
updatemanager/internal/api/handlers/product_handler.go:190.32,193.3 2 0
updatemanager/internal/api/handlers/product_handler.go:196.2,198.14 3 1
updatemanager/internal/api/handlers/product_handler.go:198.14,200.3 1 0
updatemanager/internal/api/handlers/product_handler.go:201.2,201.30 1 1
updatemanager/internal/api/handlers/product_handler.go:201.30,203.3 1 0
updatemanager/internal/api/handlers/product_handler.go:206.2,207.65 2 1
updatemanager/internal/api/handlers/product_handler.go:207.65,209.3 1 0
updatemanager/internal/api/handlers/product_handler.go:210.2,210.64 1 1
updatemanager/internal/api/handlers/product_handler.go:210.64,211.25 1 0
updatemanager/internal/api/handlers/product_handler.go:211.25,213.4 1 0
updatemanager/internal/api/handlers/product_handler.go:213.9,213.33 1 0
updatemanager/internal/api/handlers/product_handler.go:213.33,215.4 1 0
updatemanager/internal/api/handlers/product_handler.go:218.2,219.16 2 1
updatemanager/internal/api/handlers/product_handler.go:219.16,222.3 2 0
updatemanager/internal/api/handlers/product_handler.go:224.2,224.70 1 1
updatemanager/internal/api/handlers/product_handler.go:228.84,229.32 1 1
updatemanager/internal/api/handlers/product_handler.go:229.32,232.3 2 0
updatemanager/internal/api/handlers/product_handler.go:234.2,235.16 2 1
updatemanager/internal/api/handlers/product_handler.go:235.16,238.3 2 0
updatemanager/internal/api/handlers/product_handler.go:240.2,240.48 1 1
updatemanager/internal/api/handlers/update_detection_handler.go:18.112,22.2 1 1
updatemanager/internal/api/handlers/update_detection_handler.go:25.87,26.33 1 1
updatemanager/internal/api/handlers/update_detection_handler.go:26.33,29.3 2 0
updatemanager/internal/api/handlers/update_detection_handler.go:31.2,32.57 2 1
updatemanager/internal/api/handlers/update_detection_handler.go:32.57,35.3 2 0
updatemanager/internal/api/handlers/update_detection_handler.go:37.2,38.16 2 1
updatemanager/internal/api/handlers/update_detection_handler.go:38.16,41.3 2 0
updatemanager/internal/api/handlers/update_detection_handler.go:43.2,43.51 1 1
updatemanager/internal/api/handlers/update_detection_handler.go:47.97,48.32 1 1
updatemanager/internal/api/handlers/update_detection_handler.go:48.32,51.3 2 0
updatemanager/internal/api/handlers/update_detection_handler.go:54.2,56.33 3 1
updatemanager/internal/api/handlers/update_detection_handler.go:56.33,57.58 1 1
updatemanager/internal/api/handlers/update_detection_handler.go:57.58,59.28 2 1
updatemanager/internal/api/handlers/update_detection_handler.go:59.28,61.5 1 1
updatemanager/internal/api/handlers/update_detection_handler.go:65.2,65.41 1 1
updatemanager/internal/api/handlers/update_detection_handler.go:65.41,68.3 2 0
updatemanager/internal/api/handlers/update_detection_handler.go:70.2,73.51 2 1
updatemanager/internal/api/handlers/update_detection_handler.go:73.51,76.3 2 0
updatemanager/internal/api/handlers/update_detection_handler.go:78.2,78.130 1 1
updatemanager/internal/api/handlers/update_detection_handler.go:78.130,79.49 1 0
updatemanager/internal/api/handlers/update_detection_handler.go:79.49,82.4 2 0
updatemanager/internal/api/handlers/update_detection_handler.go:83.3,84.9 2 0
updatemanager/internal/api/handlers/update_detection_handler.go:88.2,89.16 2 1
updatemanager/internal/api/handlers/update_detection_handler.go:89.16,92.3 2 0
updatemanager/internal/api/handlers/update_detection_handler.go:94.2,94.49 1 1
updatemanager/internal/api/handlers/update_rollout_handler.go:20.104,24.2 1 1
updatemanager/internal/api/handlers/update_rollout_handler.go:27.88,28.33 1 1
updatemanager/internal/api/handlers/update_rollout_handler.go:28.33,31.3 2 0
updatemanager/internal/api/handlers/update_rollout_handler.go:33.2,34.55 2 1
updatemanager/internal/api/handlers/update_rollout_handler.go:34.55,37.3 2 0
updatemanager/internal/api/handlers/update_rollout_handler.go:39.2,40.23 2 1
updatemanager/internal/api/handlers/update_rollout_handler.go:40.23,42.3 1 0
updatemanager/internal/api/handlers/update_rollout_handler.go:43.2,46.16 3 1
updatemanager/internal/api/handlers/update_rollout_handler.go:46.16,49.3 2 0
updatemanager/internal/api/handlers/update_rollout_handler.go:51.2,51.51 1 1
updatemanager/internal/api/handlers/update_rollout_handler.go:55.92,56.32 1 1
updatemanager/internal/api/handlers/update_rollout_handler.go:56.32,59.3 2 0
updatemanager/internal/api/handlers/update_rollout_handler.go:61.2,64.16 4 1
updatemanager/internal/api/handlers/update_rollout_handler.go:64.16,67.3 2 0
updatemanager/internal/api/handlers/update_rollout_handler.go:69.2,73.51 2 1
updatemanager/internal/api/handlers/update_rollout_handler.go:73.51,76.3 2 0
updatemanager/internal/api/handlers/update_rollout_handler.go:78.2,79.16 2 1
updatemanager/internal/api/handlers/update_rollout_handler.go:79.16,80.49 1 0
updatemanager/internal/api/handlers/update_rollout_handler.go:80.49,83.4 2 0
updatemanager/internal/api/handlers/update_rollout_handler.go:84.3,85.9 2 0
updatemanager/internal/api/handlers/update_rollout_handler.go:88.2,88.47 1 1
updatemanager/internal/api/handlers/update_rollout_handler.go:92.94,93.32 1 1
updatemanager/internal/api/handlers/update_rollout_handler.go:93.32,96.3 2 0
updatemanager/internal/api/handlers/update_rollout_handler.go:98.2,101.16 4 1
updatemanager/internal/api/handlers/update_rollout_handler.go:101.16,104.3 2 0
updatemanager/internal/api/handlers/update_rollout_handler.go:106.2,109.51 2 1
updatemanager/internal/api/handlers/update_rollout_handler.go:109.51,112.3 2 0
updatemanager/internal/api/handlers/update_rollout_handler.go:114.2,114.44 1 1
updatemanager/internal/api/handlers/update_rollout_handler.go:114.44,117.3 2 0
updatemanager/internal/api/handlers/update_rollout_handler.go:119.2,120.16 2 1
updatemanager/internal/api/handlers/update_rollout_handler.go:120.16,121.49 1 0
updatemanager/internal/api/handlers/update_rollout_handler.go:121.49,124.4 2 0
updatemanager/internal/api/handlers/update_rollout_handler.go:125.3,126.9 2 0
updatemanager/internal/api/handlers/update_rollout_handler.go:129.2,129.47 1 1
updatemanager/internal/api/handlers/upgrade_path_handler.go:18.96,22.2 1 1
updatemanager/internal/api/handlers/upgrade_path_handler.go:25.88,26.33 1 1
updatemanager/internal/api/handlers/upgrade_path_handler.go:26.33,29.3 2 0
updatemanager/internal/api/handlers/upgrade_path_handler.go:32.2,34.33 3 1
updatemanager/internal/api/handlers/upgrade_path_handler.go:34.33,35.49 1 1
updatemanager/internal/api/handlers/upgrade_path_handler.go:35.49,37.9 2 1
updatemanager/internal/api/handlers/upgrade_path_handler.go:41.2,41.21 1 1
updatemanager/internal/api/handlers/upgrade_path_handler.go:41.21,44.3 2 0
updatemanager/internal/api/handlers/upgrade_path_handler.go:46.2,47.52 2 1
updatemanager/internal/api/handlers/upgrade_path_handler.go:47.52,50.3 2 0
updatemanager/internal/api/handlers/upgrade_path_handler.go:52.2,53.83 2 1
updatemanager/internal/api/handlers/upgrade_path_handler.go:53.83,54.49 1 0
updatemanager/internal/api/handlers/upgrade_path_handler.go:54.49,57.4 2 0
updatemanager/internal/api/handlers/upgrade_path_handler.go:58.3,58.54 1 0
updatemanager/internal/api/handlers/upgrade_path_handler.go:58.54,61.4 2 0
updatemanager/internal/api/handlers/upgrade_path_handler.go:62.3,63.9 2 0
updatemanager/internal/api/handlers/upgrade_path_handler.go:66.2,66.49 1 1
updatemanager/internal/api/handlers/upgrade_path_handler.go:70.85,71.32 1 1
updatemanager/internal/api/handlers/upgrade_path_handler.go:71.32,74.3 2 0
updatemanager/internal/api/handlers/upgrade_path_handler.go:77.2,79.33 3 1
updatemanager/internal/api/handlers/upgrade_path_handler.go:79.33,80.49 1 1
updatemanager/internal/api/handlers/upgrade_path_handler.go:80.49,82.4 1 1
updatemanager/internal/api/handlers/upgrade_path_handler.go:83.3,83.54 1 1
updatemanager/internal/api/handlers/upgrade_path_handler.go:83.54,85.28 2 1
updatemanager/internal/api/handlers/upgrade_path_handler.go:85.28,87.5 1 1
updatemanager/internal/api/handlers/upgrade_path_handler.go:91.2,91.61 1 1
updatemanager/internal/api/handlers/upgrade_path_handler.go:91.61,94.3 2 0
updatemanager/internal/api/handlers/upgrade_path_handler.go:96.2,97.16 2 1
updatemanager/internal/api/handlers/upgrade_path_handler.go:97.16,98.49 1 0
updatemanager/internal/api/handlers/upgrade_path_handler.go:98.49,101.4 2 0
updatemanager/internal/api/handlers/upgrade_path_handler.go:102.3,103.9 2 0
updatemanager/internal/api/handlers/upgrade_path_handler.go:106.2,106.44 1 1
updatemanager/internal/api/handlers/upgrade_path_handler.go:110.87,111.33 1 1
updatemanager/internal/api/handlers/upgrade_path_handler.go:111.33,114.3 2 0
updatemanager/internal/api/handlers/upgrade_path_handler.go:117.2,119.33 3 1
updatemanager/internal/api/handlers/upgrade_path_handler.go:119.33,120.49 1 1
updatemanager/internal/api/handlers/upgrade_path_handler.go:120.49,122.4 1 1
updatemanager/internal/api/handlers/upgrade_path_handler.go:123.3,123.54 1 1
updatemanager/internal/api/handlers/upgrade_path_handler.go:123.54,125.28 2 1
updatemanager/internal/api/handlers/upgrade_path_handler.go:125.28,127.5 1 1
updatemanager/internal/api/handlers/upgrade_path_handler.go:131.2,131.61 1 1
updatemanager/internal/api/handlers/upgrade_path_handler.go:131.61,134.3 2 0
updatemanager/internal/api/handlers/upgrade_path_handler.go:136.2,139.51 2 1
updatemanager/internal/api/handlers/upgrade_path_handler.go:139.51,142.3 2 0
updatemanager/internal/api/handlers/upgrade_path_handler.go:144.2,144.127 1 1
updatemanager/internal/api/handlers/upgrade_path_handler.go:144.127,145.49 1 0
updatemanager/internal/api/handlers/upgrade_path_handler.go:145.49,148.4 2 0
updatemanager/internal/api/handlers/upgrade_path_handler.go:149.3,150.9 2 0
updatemanager/internal/api/handlers/upgrade_path_handler.go:154.2,155.16 2 1
updatemanager/internal/api/handlers/upgrade_path_handler.go:155.16,158.3 2 0
updatemanager/internal/api/handlers/upgrade_path_handler.go:160.2,160.44 1 1
updatemanager/internal/api/handlers/version_handler.go:20.80,24.2 1 1
updatemanager/internal/api/handlers/version_handler.go:27.80,28.33 1 1
updatemanager/internal/api/handlers/version_handler.go:28.33,31.3 2 0
updatemanager/internal/api/handlers/version_handler.go:34.2,36.33 3 1
updatemanager/internal/api/handlers/version_handler.go:36.33,37.49 1 1
updatemanager/internal/api/handlers/version_handler.go:37.49,39.9 2 1
updatemanager/internal/api/handlers/version_handler.go:43.2,43.21 1 1
updatemanager/internal/api/handlers/version_handler.go:43.21,46.3 2 0
updatemanager/internal/api/handlers/version_handler.go:48.2,49.51 2 1
updatemanager/internal/api/handlers/version_handler.go:49.51,52.3 2 0
updatemanager/internal/api/handlers/version_handler.go:54.2,55.21 2 1
updatemanager/internal/api/handlers/version_handler.go:55.21,57.3 1 0
updatemanager/internal/api/handlers/version_handler.go:59.2,60.16 2 1
updatemanager/internal/api/handlers/version_handler.go:60.16,61.49 1 1
updatemanager/internal/api/handlers/version_handler.go:61.49,64.4 2 1
updatemanager/internal/api/handlers/version_handler.go:65.3,65.54 1 0
updatemanager/internal/api/handlers/version_handler.go:65.54,68.4 2 0
updatemanager/internal/api/handlers/version_handler.go:69.3,70.9 2 0
updatemanager/internal/api/handlers/version_handler.go:73.2,73.52 1 1
updatemanager/internal/api/handlers/version_handler.go:77.77,78.32 1 1
updatemanager/internal/api/handlers/version_handler.go:78.32,81.3 2 0
updatemanager/internal/api/handlers/version_handler.go:83.2,85.16 3 1
updatemanager/internal/api/handlers/version_handler.go:85.16,88.3 2 0
updatemanager/internal/api/handlers/version_handler.go:90.2,91.16 2 1
updatemanager/internal/api/handlers/version_handler.go:91.16,92.49 1 0
updatemanager/internal/api/handlers/version_handler.go:92.49,95.4 2 0
updatemanager/internal/api/handlers/version_handler.go:96.3,97.9 2 0
updatemanager/internal/api/handlers/version_handler.go:100.2,100.47 1 1
updatemanager/internal/api/handlers/version_handler.go:104.87,105.32 1 1
updatemanager/internal/api/handlers/version_handler.go:105.32,108.3 2 0
updatemanager/internal/api/handlers/version_handler.go:111.2,113.33 3 1
updatemanager/internal/api/handlers/version_handler.go:113.33,114.49 1 1
updatemanager/internal/api/handlers/version_handler.go:114.49,116.9 2 1
updatemanager/internal/api/handlers/version_handler.go:120.2,120.21 1 1
updatemanager/internal/api/handlers/version_handler.go:120.21,123.3 2 0
updatemanager/internal/api/handlers/version_handler.go:125.2,127.14 3 1
updatemanager/internal/api/handlers/version_handler.go:127.14,129.3 1 0
updatemanager/internal/api/handlers/version_handler.go:130.2,130.30 1 1
updatemanager/internal/api/handlers/version_handler.go:130.30,132.3 1 0
updatemanager/internal/api/handlers/version_handler.go:134.2,135.16 2 1
updatemanager/internal/api/handlers/version_handler.go:135.16,138.3 2 0
updatemanager/internal/api/handlers/version_handler.go:140.2,140.70 1 1
updatemanager/internal/api/handlers/version_handler.go:144.80,145.32 1 1
updatemanager/internal/api/handlers/version_handler.go:145.32,148.3 2 0
updatemanager/internal/api/handlers/version_handler.go:150.2,152.16 3 1
updatemanager/internal/api/handlers/version_handler.go:152.16,155.3 2 0
updatemanager/internal/api/handlers/version_handler.go:157.2,158.51 2 1
updatemanager/internal/api/handlers/version_handler.go:158.51,161.3 2 0
updatemanager/internal/api/handlers/version_handler.go:163.2,164.18 2 1
updatemanager/internal/api/handlers/version_handler.go:164.18,166.3 1 0
updatemanager/internal/api/handlers/version_handler.go:168.2,169.16 2 1
updatemanager/internal/api/handlers/version_handler.go:169.16,170.49 1 0
updatemanager/internal/api/handlers/version_handler.go:170.49,173.4 2 0
updatemanager/internal/api/handlers/version_handler.go:174.3,174.61 1 0
updatemanager/internal/api/handlers/version_handler.go:174.61,177.4 2 0
updatemanager/internal/api/handlers/version_handler.go:178.3,179.9 2 0
updatemanager/internal/api/handlers/version_handler.go:182.2,182.47 1 1
updatemanager/internal/api/handlers/version_handler.go:186.82,187.33 1 1
updatemanager/internal/api/handlers/version_handler.go:187.33,190.3 2 0
updatemanager/internal/api/handlers/version_handler.go:192.2,195.16 4 1
updatemanager/internal/api/handlers/version_handler.go:195.16,198.3 2 0
updatemanager/internal/api/handlers/version_handler.go:200.2,201.18 2 1
updatemanager/internal/api/handlers/version_handler.go:201.18,203.3 1 0
updatemanager/internal/api/handlers/version_handler.go:205.2,206.16 2 1
updatemanager/internal/api/handlers/version_handler.go:206.16,207.49 1 0
updatemanager/internal/api/handlers/version_handler.go:207.49,210.4 2 0
updatemanager/internal/api/handlers/version_handler.go:211.3,211.61 1 0
updatemanager/internal/api/handlers/version_handler.go:211.61,214.4 2 0
updatemanager/internal/api/handlers/version_handler.go:215.3,216.9 2 0
updatemanager/internal/api/handlers/version_handler.go:219.2,219.47 1 1
updatemanager/internal/api/handlers/version_handler.go:223.81,224.33 1 1
updatemanager/internal/api/handlers/version_handler.go:224.33,227.3 2 0
updatemanager/internal/api/handlers/version_handler.go:229.2,232.16 4 1
updatemanager/internal/api/handlers/version_handler.go:232.16,235.3 2 0
updatemanager/internal/api/handlers/version_handler.go:237.2,238.51 2 1
updatemanager/internal/api/handlers/version_handler.go:238.51,241.3 2 0
updatemanager/internal/api/handlers/version_handler.go:243.2,244.16 2 1
updatemanager/internal/api/handlers/version_handler.go:244.16,245.49 1 0
updatemanager/internal/api/handlers/version_handler.go:245.49,248.4 2 0
updatemanager/internal/api/handlers/version_handler.go:249.3,249.56 1 0
updatemanager/internal/api/handlers/version_handler.go:249.56,252.4 2 0
updatemanager/internal/api/handlers/version_handler.go:253.3,254.9 2 0
updatemanager/internal/api/handlers/version_handler.go:257.2,257.47 1 1
updatemanager/internal/api/handlers/version_handler.go:261.81,262.33 1 1
updatemanager/internal/api/handlers/version_handler.go:262.33,265.3 2 0
updatemanager/internal/api/handlers/version_handler.go:267.2,270.16 4 1
updatemanager/internal/api/handlers/version_handler.go:270.16,273.3 2 0
updatemanager/internal/api/handlers/version_handler.go:275.2,276.18 2 1
updatemanager/internal/api/handlers/version_handler.go:276.18,278.3 1 0
updatemanager/internal/api/handlers/version_handler.go:280.2,281.16 2 1
updatemanager/internal/api/handlers/version_handler.go:281.16,282.49 1 0
updatemanager/internal/api/handlers/version_handler.go:282.49,285.4 2 0
updatemanager/internal/api/handlers/version_handler.go:286.3,286.56 1 0
updatemanager/internal/api/handlers/version_handler.go:286.56,289.4 2 0
updatemanager/internal/api/handlers/version_handler.go:290.3,291.9 2 0
updatemanager/internal/api/handlers/version_handler.go:294.2,294.47 1 1
